<?xml version="1.0" encoding="UTF-8"?>
<!-- Generated by org.testng.reporters.JUnitXMLReporter -->
<testsuite ignored="0" hostname="whereismyfun42" failures="3" tests="3" name="Surefire test" time="4.082" errors="0" timestamp="2024-05-19T22:48:56 CEST">
  <testcase classname="com.petstore.tests.PetStoreTest" name="testFindPetsByStatus" time="1.967">
    <failure type="java.lang.AssertionError" message="Expected status code 200 expected [200] but found [404]">
      <![CDATA[java.lang.AssertionError: Expected status code 200 expected [200] but found [404]
at com.petstore.tests.PetStoreTest.testFindPetsByStatus(PetStoreTest.java:33)
at java.base/java.util.ArrayList.forEach(ArrayList.java:1541)
... Removed 37 stack frames]]>
    </failure>
  </testcase> <!-- testFindPetsByStatus -->
  <testcase classname="com.petstore.tests.PetStoreTest" name="testFindPetsByStatus" time="0.634">
    <failure type="java.lang.AssertionError" message="Expected status code 200 expected [200] but found [404]">
      <![CDATA[java.lang.AssertionError: Expected status code 200 expected [200] but found [404]
at com.petstore.tests.PetStoreTest.testFindPetsByStatus(PetStoreTest.java:33)
at java.base/java.util.ArrayList.forEach(ArrayList.java:1541)
... Removed 37 stack frames]]>
    </failure>
  </testcase> <!-- testFindPetsByStatus -->
  <testcase classname="com.petstore.tests.PetStoreTest" name="testFindPetsByStatus" time="0.608">
    <failure type="java.lang.AssertionError" message="Expected status code 200 expected [200] but found [404]">
      <![CDATA[java.lang.AssertionError: Expected status code 200 expected [200] but found [404]
at com.petstore.tests.PetStoreTest.testFindPetsByStatus(PetStoreTest.java:33)
at java.base/java.util.ArrayList.forEach(ArrayList.java:1541)
... Removed 37 stack frames]]>
    </failure>
  </testcase> <!-- testFindPetsByStatus -->
</testsuite> <!-- Surefire test -->
