<?xml version="1.0" encoding="UTF-8"?>
<testsuite xmlns:xsi="http://www.w3.org/2001/XMLSchema-instance" xsi:noNamespaceSchemaLocation="https://maven.apache.org/surefire/maven-surefire-plugin/xsd/surefire-test-report.xsd" name="TestSuite" time="5.768" tests="4" errors="0" skipped="0" failures="1">
  <properties>
[...]
</properties>
  <testcase name="testFindPetsByStatus" classname="com.petstore.tests.PetStoreApiTests" time="2.555"/>
  <testcase name="testFindPetsByStatus" classname="com.petstore.tests.PetStoreApiTests" time="0.624"/>
  <testcase name="testFindPetsByStatus" classname="com.petstore.tests.PetStoreApiTests" time="0.621"/>
  <testcase name="testInvalidStatus" classname="com.petstore.tests.PetStoreApiTests" time="0.677">
    <failure message="1 expectation failed.&#10;Expected status code &lt;400&gt; but was &lt;200&gt;.&#10;" type="java.lang.AssertionError"><![CDATA[java.lang.AssertionError: 
1 expectation failed.
Expected status code <400> but was <200>.

	at com.petstore.tests.PetStoreApiTests.testInvalidStatus(PetStoreApiTests.java:51)
]]></failure>
  </testcase>
</testsuite>